<?xml version="1.0" encoding="UTF-8"?>
<!-- Generated by org.testng.reporters.JUnitReportReporter -->
<testsuite skipped="0" hostname="DELLVOSTRO" name="tests.LoginTest" tests="2" failures="0" timestamp="18 Oct 2020 05:11:24 GMT" time="207.577" errors="0">
  <testcase name="loginWithWrongPwd" time="86.144" classname="tests.LoginTest"/>
  <testcase name="login" time="121.433" classname="tests.LoginTest"/>
</testsuite> <!-- tests.LoginTest -->
